2017-02-17 16:41:14.296 [main] INFO  org.apache.kafka.clients.producer.ProducerConfig - ProducerConfig values: 
	acks = 1
	batch.size = 16384
	block.on.buffer.full = false
	bootstrap.servers = [10.1.131.18:9092]
	buffer.memory = 33554432
	client.id = 
	compression.type = none
	connections.max.idle.ms = 540000
	interceptor.classes = null
	key.serializer = class org.apache.kafka.common.serialization.StringSerializer
	linger.ms = 0
	max.block.ms = 60000
	max.in.flight.requests.per.connection = 5
	max.request.size = 1000000000
	metadata.fetch.timeout.ms = 60000
	metadata.max.age.ms = 300000
	metric.reporters = []
	metrics.num.samples = 2
	metrics.sample.window.ms = 30000
	partitioner.class = class org.apache.kafka.clients.producer.internals.DefaultPartitioner
	receive.buffer.bytes = 32768
	reconnect.backoff.ms = 50
	request.timeout.ms = 30000
	retries = 0
	retry.backoff.ms = 100
	sasl.kerberos.kinit.cmd = /usr/bin/kinit
	sasl.kerberos.min.time.before.relogin = 60000
	sasl.kerberos.service.name = null
	sasl.kerberos.ticket.renew.jitter = 0.05
	sasl.kerberos.ticket.renew.window.factor = 0.8
	sasl.mechanism = GSSAPI
	security.protocol = PLAINTEXT
	send.buffer.bytes = 131072
	ssl.cipher.suites = null
	ssl.enabled.protocols = [TLSv1.2, TLSv1.1, TLSv1]
	ssl.endpoint.identification.algorithm = null
	ssl.key.password = null
	ssl.keymanager.algorithm = SunX509
	ssl.keystore.location = null
	ssl.keystore.password = null
	ssl.keystore.type = JKS
	ssl.protocol = TLS
	ssl.provider = null
	ssl.secure.random.implementation = null
	ssl.trustmanager.algorithm = PKIX
	ssl.truststore.location = null
	ssl.truststore.password = null
	ssl.truststore.type = JKS
	timeout.ms = 30000
	value.serializer = class org.apache.kafka.common.serialization.StringSerializer

2017-02-17 16:41:14.421 [main] INFO  org.apache.kafka.clients.producer.ProducerConfig - ProducerConfig values: 
	acks = 1
	batch.size = 16384
	block.on.buffer.full = false
	bootstrap.servers = [10.1.131.18:9092]
	buffer.memory = 33554432
	client.id = producer-1
	compression.type = none
	connections.max.idle.ms = 540000
	interceptor.classes = null
	key.serializer = class org.apache.kafka.common.serialization.StringSerializer
	linger.ms = 0
	max.block.ms = 60000
	max.in.flight.requests.per.connection = 5
	max.request.size = 1000000000
	metadata.fetch.timeout.ms = 60000
	metadata.max.age.ms = 300000
	metric.reporters = []
	metrics.num.samples = 2
	metrics.sample.window.ms = 30000
	partitioner.class = class org.apache.kafka.clients.producer.internals.DefaultPartitioner
	receive.buffer.bytes = 32768
	reconnect.backoff.ms = 50
	request.timeout.ms = 30000
	retries = 0
	retry.backoff.ms = 100
	sasl.kerberos.kinit.cmd = /usr/bin/kinit
	sasl.kerberos.min.time.before.relogin = 60000
	sasl.kerberos.service.name = null
	sasl.kerberos.ticket.renew.jitter = 0.05
	sasl.kerberos.ticket.renew.window.factor = 0.8
	sasl.mechanism = GSSAPI
	security.protocol = PLAINTEXT
	send.buffer.bytes = 131072
	ssl.cipher.suites = null
	ssl.enabled.protocols = [TLSv1.2, TLSv1.1, TLSv1]
	ssl.endpoint.identification.algorithm = null
	ssl.key.password = null
	ssl.keymanager.algorithm = SunX509
	ssl.keystore.location = null
	ssl.keystore.password = null
	ssl.keystore.type = JKS
	ssl.protocol = TLS
	ssl.provider = null
	ssl.secure.random.implementation = null
	ssl.trustmanager.algorithm = PKIX
	ssl.truststore.location = null
	ssl.truststore.password = null
	ssl.truststore.type = JKS
	timeout.ms = 30000
	value.serializer = class org.apache.kafka.common.serialization.StringSerializer

2017-02-17 16:41:14.459 [main] DEBUG org.apache.kafka.common.metrics.Metrics - Added sensor with name bufferpool-wait-time
2017-02-17 16:41:14.477 [main] DEBUG org.apache.kafka.common.metrics.Metrics - Added sensor with name buffer-exhausted-records
2017-02-17 16:41:14.485 [main] DEBUG org.apache.kafka.clients.Metadata - Updated cluster metadata version 1 to Cluster(id = null, nodes = [10.1.131.18:9092 (id: -1 rack: null)], partitions = [])
2017-02-17 16:41:14.539 [main] DEBUG org.apache.kafka.common.metrics.Metrics - Added sensor with name connections-closed:
2017-02-17 16:41:14.541 [main] DEBUG org.apache.kafka.common.metrics.Metrics - Added sensor with name connections-created:
2017-02-17 16:41:14.542 [main] DEBUG org.apache.kafka.common.metrics.Metrics - Added sensor with name bytes-sent-received:
2017-02-17 16:41:14.543 [main] DEBUG org.apache.kafka.common.metrics.Metrics - Added sensor with name bytes-sent:
2017-02-17 16:41:14.548 [main] DEBUG org.apache.kafka.common.metrics.Metrics - Added sensor with name bytes-received:
2017-02-17 16:41:14.549 [main] DEBUG org.apache.kafka.common.metrics.Metrics - Added sensor with name select-time:
2017-02-17 16:41:14.550 [main] DEBUG org.apache.kafka.common.metrics.Metrics - Added sensor with name io-time:
2017-02-17 16:41:14.572 [main] DEBUG org.apache.kafka.common.metrics.Metrics - Added sensor with name batch-size
2017-02-17 16:41:14.574 [main] DEBUG org.apache.kafka.common.metrics.Metrics - Added sensor with name compression-rate
2017-02-17 16:41:14.575 [main] DEBUG org.apache.kafka.common.metrics.Metrics - Added sensor with name queue-time
2017-02-17 16:41:14.576 [main] DEBUG org.apache.kafka.common.metrics.Metrics - Added sensor with name request-time
2017-02-17 16:41:14.577 [main] DEBUG org.apache.kafka.common.metrics.Metrics - Added sensor with name produce-throttle-time
2017-02-17 16:41:14.578 [main] DEBUG org.apache.kafka.common.metrics.Metrics - Added sensor with name records-per-request
2017-02-17 16:41:14.579 [main] DEBUG org.apache.kafka.common.metrics.Metrics - Added sensor with name record-retries
2017-02-17 16:41:14.580 [main] DEBUG org.apache.kafka.common.metrics.Metrics - Added sensor with name errors
2017-02-17 16:41:14.581 [main] DEBUG org.apache.kafka.common.metrics.Metrics - Added sensor with name record-size-max
2017-02-17 16:41:14.591 [kafka-producer-network-thread | producer-1] DEBUG org.apache.kafka.clients.producer.internals.Sender - Starting Kafka producer I/O thread.
2017-02-17 16:41:14.613 [main] INFO  org.apache.kafka.common.utils.AppInfoParser - Kafka version : 0.10.1.0
2017-02-17 16:41:14.614 [main] INFO  org.apache.kafka.common.utils.AppInfoParser - Kafka commitId : 3402a74efb23d1d4
2017-02-17 16:41:14.615 [main] DEBUG org.apache.kafka.clients.producer.KafkaProducer - Kafka producer started
2017-02-17 16:41:16.333 [kafka-producer-network-thread | producer-1] DEBUG org.apache.kafka.clients.NetworkClient - Initialize connection to node -1 for sending metadata request
2017-02-17 16:41:16.334 [kafka-producer-network-thread | producer-1] DEBUG org.apache.kafka.clients.NetworkClient - Initiating connection to node -1 at 10.1.131.18:9092.
2017-02-17 16:41:16.384 [kafka-producer-network-thread | producer-1] DEBUG org.apache.kafka.common.metrics.Metrics - Added sensor with name node--1.bytes-sent
2017-02-17 16:41:16.385 [kafka-producer-network-thread | producer-1] DEBUG org.apache.kafka.common.metrics.Metrics - Added sensor with name node--1.bytes-received
2017-02-17 16:41:16.386 [kafka-producer-network-thread | producer-1] DEBUG org.apache.kafka.common.metrics.Metrics - Added sensor with name node--1.latency
2017-02-17 16:41:16.386 [kafka-producer-network-thread | producer-1] DEBUG org.apache.kafka.common.network.Selector - Created socket with SO_RCVBUF = 32768, SO_SNDBUF = 131072, SO_TIMEOUT = 0 to node -1
2017-02-17 16:41:16.386 [kafka-producer-network-thread | producer-1] DEBUG org.apache.kafka.clients.NetworkClient - Completed connection to node -1
2017-02-17 16:41:16.501 [kafka-producer-network-thread | producer-1] DEBUG org.apache.kafka.clients.NetworkClient - Sending metadata request {topics=[cache1]} to node -1
2017-02-17 16:41:16.598 [kafka-producer-network-thread | producer-1] DEBUG org.apache.kafka.clients.Metadata - Updated cluster metadata version 2 to Cluster(id = 5ynpwwfGT3KEdCwLvR2Jog, nodes = [10.1.131.18:9092 (id: 0 rack: null)], partitions = [Partition(topic = cache1, partition = 0, leader = 0, replicas = [0,], isr = [0,])])
2017-02-17 16:41:16.613 [kafka-producer-network-thread | producer-1] DEBUG org.apache.kafka.clients.NetworkClient - Initiating connection to node 0 at 10.1.131.18:9092.
2017-02-17 16:41:16.683 [kafka-producer-network-thread | producer-1] DEBUG org.apache.kafka.common.metrics.Metrics - Added sensor with name node-0.bytes-sent
2017-02-17 16:41:16.684 [kafka-producer-network-thread | producer-1] DEBUG org.apache.kafka.common.metrics.Metrics - Added sensor with name node-0.bytes-received
2017-02-17 16:41:16.684 [kafka-producer-network-thread | producer-1] DEBUG org.apache.kafka.common.metrics.Metrics - Added sensor with name node-0.latency
2017-02-17 16:41:16.684 [kafka-producer-network-thread | producer-1] DEBUG org.apache.kafka.common.network.Selector - Created socket with SO_RCVBUF = 32768, SO_SNDBUF = 131072, SO_TIMEOUT = 0 to node 0
2017-02-17 16:41:16.684 [kafka-producer-network-thread | producer-1] DEBUG org.apache.kafka.clients.NetworkClient - Completed connection to node 0
2017-02-17 16:41:16.685 [kafka-producer-network-thread | producer-1] DEBUG org.apache.kafka.common.metrics.Metrics - Added sensor with name topic.cache1.records-per-batch
2017-02-17 16:41:16.685 [kafka-producer-network-thread | producer-1] DEBUG org.apache.kafka.common.metrics.Metrics - Added sensor with name topic.cache1.bytes
2017-02-17 16:41:16.685 [kafka-producer-network-thread | producer-1] DEBUG org.apache.kafka.common.metrics.Metrics - Added sensor with name topic.cache1.compression-rate
2017-02-17 16:41:16.685 [kafka-producer-network-thread | producer-1] DEBUG org.apache.kafka.common.metrics.Metrics - Added sensor with name topic.cache1.record-retries
2017-02-17 16:41:16.686 [kafka-producer-network-thread | producer-1] DEBUG org.apache.kafka.common.metrics.Metrics - Added sensor with name topic.cache1.record-errors
2017-02-17 16:49:13.976 [main] INFO  org.apache.kafka.clients.producer.ProducerConfig - ProducerConfig values: 
	acks = 1
	batch.size = 16384
	block.on.buffer.full = false
	bootstrap.servers = [10.1.131.18:9092]
	buffer.memory = 33554432
	client.id = 
	compression.type = none
	connections.max.idle.ms = 540000
	interceptor.classes = null
	key.serializer = class org.apache.kafka.common.serialization.StringSerializer
	linger.ms = 0
	max.block.ms = 60000
	max.in.flight.requests.per.connection = 5
	max.request.size = 1000000000
	metadata.fetch.timeout.ms = 60000
	metadata.max.age.ms = 300000
	metric.reporters = []
	metrics.num.samples = 2
	metrics.sample.window.ms = 30000
	partitioner.class = class org.apache.kafka.clients.producer.internals.DefaultPartitioner
	receive.buffer.bytes = 32768
	reconnect.backoff.ms = 50
	request.timeout.ms = 30000
	retries = 0
	retry.backoff.ms = 100
	sasl.kerberos.kinit.cmd = /usr/bin/kinit
	sasl.kerberos.min.time.before.relogin = 60000
	sasl.kerberos.service.name = null
	sasl.kerberos.ticket.renew.jitter = 0.05
	sasl.kerberos.ticket.renew.window.factor = 0.8
	sasl.mechanism = GSSAPI
	security.protocol = PLAINTEXT
	send.buffer.bytes = 131072
	ssl.cipher.suites = null
	ssl.enabled.protocols = [TLSv1.2, TLSv1.1, TLSv1]
	ssl.endpoint.identification.algorithm = null
	ssl.key.password = null
	ssl.keymanager.algorithm = SunX509
	ssl.keystore.location = null
	ssl.keystore.password = null
	ssl.keystore.type = JKS
	ssl.protocol = TLS
	ssl.provider = null
	ssl.secure.random.implementation = null
	ssl.trustmanager.algorithm = PKIX
	ssl.truststore.location = null
	ssl.truststore.password = null
	ssl.truststore.type = JKS
	timeout.ms = 30000
	value.serializer = class org.apache.kafka.common.serialization.StringSerializer

2017-02-17 16:49:14.023 [main] INFO  org.apache.kafka.clients.producer.ProducerConfig - ProducerConfig values: 
	acks = 1
	batch.size = 16384
	block.on.buffer.full = false
	bootstrap.servers = [10.1.131.18:9092]
	buffer.memory = 33554432
	client.id = producer-1
	compression.type = none
	connections.max.idle.ms = 540000
	interceptor.classes = null
	key.serializer = class org.apache.kafka.common.serialization.StringSerializer
	linger.ms = 0
	max.block.ms = 60000
	max.in.flight.requests.per.connection = 5
	max.request.size = 1000000000
	metadata.fetch.timeout.ms = 60000
	metadata.max.age.ms = 300000
	metric.reporters = []
	metrics.num.samples = 2
	metrics.sample.window.ms = 30000
	partitioner.class = class org.apache.kafka.clients.producer.internals.DefaultPartitioner
	receive.buffer.bytes = 32768
	reconnect.backoff.ms = 50
	request.timeout.ms = 30000
	retries = 0
	retry.backoff.ms = 100
	sasl.kerberos.kinit.cmd = /usr/bin/kinit
	sasl.kerberos.min.time.before.relogin = 60000
	sasl.kerberos.service.name = null
	sasl.kerberos.ticket.renew.jitter = 0.05
	sasl.kerberos.ticket.renew.window.factor = 0.8
	sasl.mechanism = GSSAPI
	security.protocol = PLAINTEXT
	send.buffer.bytes = 131072
	ssl.cipher.suites = null
	ssl.enabled.protocols = [TLSv1.2, TLSv1.1, TLSv1]
	ssl.endpoint.identification.algorithm = null
	ssl.key.password = null
	ssl.keymanager.algorithm = SunX509
	ssl.keystore.location = null
	ssl.keystore.password = null
	ssl.keystore.type = JKS
	ssl.protocol = TLS
	ssl.provider = null
	ssl.secure.random.implementation = null
	ssl.trustmanager.algorithm = PKIX
	ssl.truststore.location = null
	ssl.truststore.password = null
	ssl.truststore.type = JKS
	timeout.ms = 30000
	value.serializer = class org.apache.kafka.common.serialization.StringSerializer

2017-02-17 16:49:14.033 [main] DEBUG org.apache.kafka.common.metrics.Metrics - Added sensor with name bufferpool-wait-time
2017-02-17 16:49:14.038 [main] DEBUG org.apache.kafka.common.metrics.Metrics - Added sensor with name buffer-exhausted-records
2017-02-17 16:49:14.041 [main] DEBUG org.apache.kafka.clients.Metadata - Updated cluster metadata version 1 to Cluster(id = null, nodes = [10.1.131.18:9092 (id: -1 rack: null)], partitions = [])
2017-02-17 16:49:14.063 [main] DEBUG org.apache.kafka.common.metrics.Metrics - Added sensor with name connections-closed:
2017-02-17 16:49:14.064 [main] DEBUG org.apache.kafka.common.metrics.Metrics - Added sensor with name connections-created:
2017-02-17 16:49:14.064 [main] DEBUG org.apache.kafka.common.metrics.Metrics - Added sensor with name bytes-sent-received:
2017-02-17 16:49:14.064 [main] DEBUG org.apache.kafka.common.metrics.Metrics - Added sensor with name bytes-sent:
2017-02-17 16:49:14.066 [main] DEBUG org.apache.kafka.common.metrics.Metrics - Added sensor with name bytes-received:
2017-02-17 16:49:14.066 [main] DEBUG org.apache.kafka.common.metrics.Metrics - Added sensor with name select-time:
2017-02-17 16:49:14.067 [main] DEBUG org.apache.kafka.common.metrics.Metrics - Added sensor with name io-time:
2017-02-17 16:49:14.074 [main] DEBUG org.apache.kafka.common.metrics.Metrics - Added sensor with name batch-size
2017-02-17 16:49:14.074 [main] DEBUG org.apache.kafka.common.metrics.Metrics - Added sensor with name compression-rate
2017-02-17 16:49:14.074 [main] DEBUG org.apache.kafka.common.metrics.Metrics - Added sensor with name queue-time
2017-02-17 16:49:14.074 [main] DEBUG org.apache.kafka.common.metrics.Metrics - Added sensor with name request-time
2017-02-17 16:49:14.075 [main] DEBUG org.apache.kafka.common.metrics.Metrics - Added sensor with name produce-throttle-time
2017-02-17 16:49:14.075 [main] DEBUG org.apache.kafka.common.metrics.Metrics - Added sensor with name records-per-request
2017-02-17 16:49:14.075 [main] DEBUG org.apache.kafka.common.metrics.Metrics - Added sensor with name record-retries
2017-02-17 16:49:14.075 [main] DEBUG org.apache.kafka.common.metrics.Metrics - Added sensor with name errors
2017-02-17 16:49:14.075 [main] DEBUG org.apache.kafka.common.metrics.Metrics - Added sensor with name record-size-max
2017-02-17 16:49:14.077 [kafka-producer-network-thread | producer-1] DEBUG org.apache.kafka.clients.producer.internals.Sender - Starting Kafka producer I/O thread.
2017-02-17 16:49:14.081 [main] INFO  org.apache.kafka.common.utils.AppInfoParser - Kafka version : 0.10.1.0
2017-02-17 16:49:14.081 [main] INFO  org.apache.kafka.common.utils.AppInfoParser - Kafka commitId : 3402a74efb23d1d4
2017-02-17 16:49:14.082 [main] DEBUG org.apache.kafka.clients.producer.KafkaProducer - Kafka producer started
2017-02-17 16:49:14.144 [kafka-producer-network-thread | producer-1] DEBUG org.apache.kafka.clients.NetworkClient - Initialize connection to node -1 for sending metadata request
2017-02-17 16:49:14.144 [kafka-producer-network-thread | producer-1] DEBUG org.apache.kafka.clients.NetworkClient - Initiating connection to node -1 at 10.1.131.18:9092.
2017-02-17 16:49:14.200 [kafka-producer-network-thread | producer-1] DEBUG org.apache.kafka.common.metrics.Metrics - Added sensor with name node--1.bytes-sent
2017-02-17 16:49:14.201 [kafka-producer-network-thread | producer-1] DEBUG org.apache.kafka.common.metrics.Metrics - Added sensor with name node--1.bytes-received
2017-02-17 16:49:14.201 [kafka-producer-network-thread | producer-1] DEBUG org.apache.kafka.common.metrics.Metrics - Added sensor with name node--1.latency
2017-02-17 16:49:14.202 [kafka-producer-network-thread | producer-1] DEBUG org.apache.kafka.common.network.Selector - Created socket with SO_RCVBUF = 32768, SO_SNDBUF = 131072, SO_TIMEOUT = 0 to node -1
2017-02-17 16:49:14.203 [kafka-producer-network-thread | producer-1] DEBUG org.apache.kafka.clients.NetworkClient - Completed connection to node -1
2017-02-17 16:49:14.313 [kafka-producer-network-thread | producer-1] DEBUG org.apache.kafka.clients.NetworkClient - Sending metadata request {topics=[REFUND_NEW]} to node -1
2017-02-17 16:49:14.419 [kafka-producer-network-thread | producer-1] DEBUG org.apache.kafka.clients.Metadata - Updated cluster metadata version 2 to Cluster(id = 5ynpwwfGT3KEdCwLvR2Jog, nodes = [10.1.131.18:9092 (id: 0 rack: null)], partitions = [Partition(topic = REFUND_NEW, partition = 0, leader = 0, replicas = [0,], isr = [0,])])
2017-02-17 16:49:14.430 [kafka-producer-network-thread | producer-1] DEBUG org.apache.kafka.clients.NetworkClient - Initiating connection to node 0 at 10.1.131.18:9092.
2017-02-17 16:49:14.485 [kafka-producer-network-thread | producer-1] DEBUG org.apache.kafka.common.metrics.Metrics - Added sensor with name node-0.bytes-sent
2017-02-17 16:49:14.486 [kafka-producer-network-thread | producer-1] DEBUG org.apache.kafka.common.metrics.Metrics - Added sensor with name node-0.bytes-received
2017-02-17 16:49:14.486 [kafka-producer-network-thread | producer-1] DEBUG org.apache.kafka.common.metrics.Metrics - Added sensor with name node-0.latency
2017-02-17 16:49:14.486 [kafka-producer-network-thread | producer-1] DEBUG org.apache.kafka.common.network.Selector - Created socket with SO_RCVBUF = 32768, SO_SNDBUF = 131072, SO_TIMEOUT = 0 to node 0
2017-02-17 16:49:14.487 [kafka-producer-network-thread | producer-1] DEBUG org.apache.kafka.clients.NetworkClient - Completed connection to node 0
2017-02-17 16:49:14.487 [kafka-producer-network-thread | producer-1] DEBUG org.apache.kafka.common.metrics.Metrics - Added sensor with name topic.REFUND_NEW.records-per-batch
2017-02-17 16:49:14.488 [kafka-producer-network-thread | producer-1] DEBUG org.apache.kafka.common.metrics.Metrics - Added sensor with name topic.REFUND_NEW.bytes
2017-02-17 16:49:14.488 [kafka-producer-network-thread | producer-1] DEBUG org.apache.kafka.common.metrics.Metrics - Added sensor with name topic.REFUND_NEW.compression-rate
2017-02-17 16:49:14.488 [kafka-producer-network-thread | producer-1] DEBUG org.apache.kafka.common.metrics.Metrics - Added sensor with name topic.REFUND_NEW.record-retries
2017-02-17 16:49:14.488 [kafka-producer-network-thread | producer-1] DEBUG org.apache.kafka.common.metrics.Metrics - Added sensor with name topic.REFUND_NEW.record-errors
