2017-03-10 15:22:28.211 [main] INFO  org.apache.kafka.clients.producer.ProducerConfig - ProducerConfig values: 
	acks = 1
	batch.size = 16384
	block.on.buffer.full = false
	bootstrap.servers = [10.1.236.214:9092]
	buffer.memory = 33554432
	client.id = 
	compression.type = none
	connections.max.idle.ms = 540000
	interceptor.classes = null
	key.serializer = class org.apache.kafka.common.serialization.StringSerializer
	linger.ms = 0
	max.block.ms = 60000
	max.in.flight.requests.per.connection = 5
	max.request.size = 1000000000
	metadata.fetch.timeout.ms = 60000
	metadata.max.age.ms = 300000
	metric.reporters = []
	metrics.num.samples = 2
	metrics.sample.window.ms = 30000
	partitioner.class = class org.apache.kafka.clients.producer.internals.DefaultPartitioner
	receive.buffer.bytes = 32768
	reconnect.backoff.ms = 50
	request.timeout.ms = 30000
	retries = 0
	retry.backoff.ms = 100
	sasl.kerberos.kinit.cmd = /usr/bin/kinit
	sasl.kerberos.min.time.before.relogin = 60000
	sasl.kerberos.service.name = null
	sasl.kerberos.ticket.renew.jitter = 0.05
	sasl.kerberos.ticket.renew.window.factor = 0.8
	sasl.mechanism = GSSAPI
	security.protocol = PLAINTEXT
	send.buffer.bytes = 131072
	ssl.cipher.suites = null
	ssl.enabled.protocols = [TLSv1.2, TLSv1.1, TLSv1]
	ssl.endpoint.identification.algorithm = null
	ssl.key.password = null
	ssl.keymanager.algorithm = SunX509
	ssl.keystore.location = null
	ssl.keystore.password = null
	ssl.keystore.type = JKS
	ssl.protocol = TLS
	ssl.provider = null
	ssl.secure.random.implementation = null
	ssl.trustmanager.algorithm = PKIX
	ssl.truststore.location = null
	ssl.truststore.password = null
	ssl.truststore.type = JKS
	timeout.ms = 30000
	value.serializer = class org.apache.kafka.common.serialization.StringSerializer

2017-03-10 15:22:28.308 [main] INFO  org.apache.kafka.clients.producer.ProducerConfig - ProducerConfig values: 
	acks = 1
	batch.size = 16384
	block.on.buffer.full = false
	bootstrap.servers = [10.1.236.214:9092]
	buffer.memory = 33554432
	client.id = producer-1
	compression.type = none
	connections.max.idle.ms = 540000
	interceptor.classes = null
	key.serializer = class org.apache.kafka.common.serialization.StringSerializer
	linger.ms = 0
	max.block.ms = 60000
	max.in.flight.requests.per.connection = 5
	max.request.size = 1000000000
	metadata.fetch.timeout.ms = 60000
	metadata.max.age.ms = 300000
	metric.reporters = []
	metrics.num.samples = 2
	metrics.sample.window.ms = 30000
	partitioner.class = class org.apache.kafka.clients.producer.internals.DefaultPartitioner
	receive.buffer.bytes = 32768
	reconnect.backoff.ms = 50
	request.timeout.ms = 30000
	retries = 0
	retry.backoff.ms = 100
	sasl.kerberos.kinit.cmd = /usr/bin/kinit
	sasl.kerberos.min.time.before.relogin = 60000
	sasl.kerberos.service.name = null
	sasl.kerberos.ticket.renew.jitter = 0.05
	sasl.kerberos.ticket.renew.window.factor = 0.8
	sasl.mechanism = GSSAPI
	security.protocol = PLAINTEXT
	send.buffer.bytes = 131072
	ssl.cipher.suites = null
	ssl.enabled.protocols = [TLSv1.2, TLSv1.1, TLSv1]
	ssl.endpoint.identification.algorithm = null
	ssl.key.password = null
	ssl.keymanager.algorithm = SunX509
	ssl.keystore.location = null
	ssl.keystore.password = null
	ssl.keystore.type = JKS
	ssl.protocol = TLS
	ssl.provider = null
	ssl.secure.random.implementation = null
	ssl.trustmanager.algorithm = PKIX
	ssl.truststore.location = null
	ssl.truststore.password = null
	ssl.truststore.type = JKS
	timeout.ms = 30000
	value.serializer = class org.apache.kafka.common.serialization.StringSerializer

2017-03-10 15:22:28.326 [main] DEBUG org.apache.kafka.common.metrics.Metrics - Added sensor with name bufferpool-wait-time
2017-03-10 15:22:28.333 [main] DEBUG org.apache.kafka.common.metrics.Metrics - Added sensor with name buffer-exhausted-records
2017-03-10 15:22:28.338 [main] DEBUG org.apache.kafka.clients.Metadata - Updated cluster metadata version 1 to Cluster(id = null, nodes = [10.1.236.214:9092 (id: -1 rack: null)], partitions = [])
2017-03-10 15:22:28.371 [main] DEBUG org.apache.kafka.common.metrics.Metrics - Added sensor with name connections-closed:
2017-03-10 15:22:28.372 [main] DEBUG org.apache.kafka.common.metrics.Metrics - Added sensor with name connections-created:
2017-03-10 15:22:28.372 [main] DEBUG org.apache.kafka.common.metrics.Metrics - Added sensor with name bytes-sent-received:
2017-03-10 15:22:28.373 [main] DEBUG org.apache.kafka.common.metrics.Metrics - Added sensor with name bytes-sent:
2017-03-10 15:22:28.375 [main] DEBUG org.apache.kafka.common.metrics.Metrics - Added sensor with name bytes-received:
2017-03-10 15:22:28.376 [main] DEBUG org.apache.kafka.common.metrics.Metrics - Added sensor with name select-time:
2017-03-10 15:22:28.376 [main] DEBUG org.apache.kafka.common.metrics.Metrics - Added sensor with name io-time:
2017-03-10 15:22:28.385 [main] DEBUG org.apache.kafka.common.metrics.Metrics - Added sensor with name batch-size
2017-03-10 15:22:28.387 [main] DEBUG org.apache.kafka.common.metrics.Metrics - Added sensor with name compression-rate
2017-03-10 15:22:28.388 [main] DEBUG org.apache.kafka.common.metrics.Metrics - Added sensor with name queue-time
2017-03-10 15:22:28.389 [main] DEBUG org.apache.kafka.common.metrics.Metrics - Added sensor with name request-time
2017-03-10 15:22:28.389 [main] DEBUG org.apache.kafka.common.metrics.Metrics - Added sensor with name produce-throttle-time
2017-03-10 15:22:28.390 [main] DEBUG org.apache.kafka.common.metrics.Metrics - Added sensor with name records-per-request
2017-03-10 15:22:28.390 [main] DEBUG org.apache.kafka.common.metrics.Metrics - Added sensor with name record-retries
2017-03-10 15:22:28.390 [main] DEBUG org.apache.kafka.common.metrics.Metrics - Added sensor with name errors
2017-03-10 15:22:28.390 [main] DEBUG org.apache.kafka.common.metrics.Metrics - Added sensor with name record-size-max
2017-03-10 15:22:28.395 [kafka-producer-network-thread | producer-1] DEBUG org.apache.kafka.clients.producer.internals.Sender - Starting Kafka producer I/O thread.
2017-03-10 15:22:28.400 [main] INFO  org.apache.kafka.common.utils.AppInfoParser - Kafka version : 0.10.1.0
2017-03-10 15:22:28.400 [main] INFO  org.apache.kafka.common.utils.AppInfoParser - Kafka commitId : 3402a74efb23d1d4
2017-03-10 15:22:28.401 [main] DEBUG org.apache.kafka.clients.producer.KafkaProducer - Kafka producer started
2017-03-10 15:22:28.573 [kafka-producer-network-thread | producer-1] DEBUG org.apache.kafka.clients.NetworkClient - Initialize connection to node -1 for sending metadata request
2017-03-10 15:22:28.573 [kafka-producer-network-thread | producer-1] DEBUG org.apache.kafka.clients.NetworkClient - Initiating connection to node -1 at 10.1.236.214:9092.
2017-03-10 15:22:28.663 [kafka-producer-network-thread | producer-1] DEBUG org.apache.kafka.common.metrics.Metrics - Added sensor with name node--1.bytes-sent
2017-03-10 15:22:28.664 [kafka-producer-network-thread | producer-1] DEBUG org.apache.kafka.common.metrics.Metrics - Added sensor with name node--1.bytes-received
2017-03-10 15:22:28.664 [kafka-producer-network-thread | producer-1] DEBUG org.apache.kafka.common.metrics.Metrics - Added sensor with name node--1.latency
2017-03-10 15:22:28.664 [kafka-producer-network-thread | producer-1] DEBUG org.apache.kafka.common.network.Selector - Created socket with SO_RCVBUF = 32768, SO_SNDBUF = 131072, SO_TIMEOUT = 0 to node -1
2017-03-10 15:22:28.665 [kafka-producer-network-thread | producer-1] DEBUG org.apache.kafka.clients.NetworkClient - Completed connection to node -1
2017-03-10 15:22:28.721 [kafka-producer-network-thread | producer-1] DEBUG org.apache.kafka.clients.NetworkClient - Sending metadata request {topics=[testStorm2]} to node -1
2017-03-10 15:22:28.841 [kafka-producer-network-thread | producer-1] DEBUG org.apache.kafka.clients.Metadata - Updated cluster metadata version 2 to Cluster(id = 3qG01aHJRlyEfA9ePwwuRA, nodes = [10.1.236.214:9092 (id: 0 rack: null)], partitions = [Partition(topic = testStorm2, partition = 0, leader = 0, replicas = [0,], isr = [0,])])
2017-03-10 15:22:28.860 [kafka-producer-network-thread | producer-1] DEBUG org.apache.kafka.clients.NetworkClient - Initiating connection to node 0 at 10.1.236.214:9092.
2017-03-10 15:22:28.955 [kafka-producer-network-thread | producer-1] DEBUG org.apache.kafka.common.metrics.Metrics - Added sensor with name node-0.bytes-sent
2017-03-10 15:22:28.955 [kafka-producer-network-thread | producer-1] DEBUG org.apache.kafka.common.metrics.Metrics - Added sensor with name node-0.bytes-received
2017-03-10 15:22:28.956 [kafka-producer-network-thread | producer-1] DEBUG org.apache.kafka.common.metrics.Metrics - Added sensor with name node-0.latency
2017-03-10 15:22:28.956 [kafka-producer-network-thread | producer-1] DEBUG org.apache.kafka.common.network.Selector - Created socket with SO_RCVBUF = 32768, SO_SNDBUF = 131072, SO_TIMEOUT = 0 to node 0
2017-03-10 15:22:28.956 [kafka-producer-network-thread | producer-1] DEBUG org.apache.kafka.clients.NetworkClient - Completed connection to node 0
2017-03-10 15:22:28.956 [kafka-producer-network-thread | producer-1] DEBUG org.apache.kafka.common.metrics.Metrics - Added sensor with name topic.testStorm2.records-per-batch
2017-03-10 15:22:28.957 [kafka-producer-network-thread | producer-1] DEBUG org.apache.kafka.common.metrics.Metrics - Added sensor with name topic.testStorm2.bytes
2017-03-10 15:22:28.957 [kafka-producer-network-thread | producer-1] DEBUG org.apache.kafka.common.metrics.Metrics - Added sensor with name topic.testStorm2.compression-rate
2017-03-10 15:22:28.957 [kafka-producer-network-thread | producer-1] DEBUG org.apache.kafka.common.metrics.Metrics - Added sensor with name topic.testStorm2.record-retries
2017-03-10 15:22:28.957 [kafka-producer-network-thread | producer-1] DEBUG org.apache.kafka.common.metrics.Metrics - Added sensor with name topic.testStorm2.record-errors
