2016-12-10 17:26:28.789 [main] INFO  org.activiti.engine.ProcessEngines - Initializing process engine using configuration 'file:/F:/workspaces/chenhas/chenha/chenha/web/target/classes/activiti.cfg.xml'
2016-12-10 17:26:28.798 [main] INFO  org.activiti.engine.ProcessEngines - initializing process engine for resource file:/F:/workspaces/chenhas/chenha/chenha/web/target/classes/activiti.cfg.xml
2016-12-10 17:26:29.359 [main] DEBUG org.springframework.core.env.StandardEnvironment - Adding [systemProperties] PropertySource with lowest search precedence
2016-12-10 17:26:29.359 [main] DEBUG org.springframework.core.env.StandardEnvironment - Adding [systemEnvironment] PropertySource with lowest search precedence
2016-12-10 17:26:29.359 [main] DEBUG org.springframework.core.env.StandardEnvironment - Initialized StandardEnvironment with PropertySources [systemProperties,systemEnvironment]
2016-12-10 17:26:29.391 [main] INFO  o.s.beans.factory.xml.XmlBeanDefinitionReader - Loading XML bean definitions from resource loaded through InputStream
2016-12-10 17:26:29.425 [main] DEBUG o.s.beans.factory.xml.DefaultDocumentLoader - Using JAXP provider [com.sun.org.apache.xerces.internal.jaxp.DocumentBuilderFactoryImpl]
2016-12-10 17:26:29.614 [main] DEBUG o.s.beans.factory.xml.PluggableSchemaResolver - Loading schema mappings from [META-INF/spring.schemas]
2016-12-10 17:26:29.770 [main] DEBUG o.s.beans.factory.xml.PluggableSchemaResolver - Loaded schema mappings: {http://www.springframework.org/schema/tx/spring-tx-2.5.xsd=org/springframework/transaction/config/spring-tx-2.5.xsd, http://www.springframework.org/schema/aop/spring-aop-4.1.xsd=org/springframework/aop/config/spring-aop-4.1.xsd, http://www.springframework.org/schema/context/spring-context-3.1.xsd=org/springframework/context/config/spring-context-3.1.xsd, http://www.springframework.org/schema/jdbc/spring-jdbc-4.1.xsd=org/springframework/jdbc/config/spring-jdbc-4.1.xsd, http://www.springframework.org/schema/mvc/spring-mvc-4.1.xsd=org/springframework/web/servlet/config/spring-mvc-4.1.xsd, http://www.springframework.org/schema/util/spring-util-3.0.xsd=org/springframework/beans/factory/xml/spring-util-3.0.xsd, http://mybatis.org/schema/mybatis-spring-1.2.xsd=org/mybatis/spring/config/mybatis-spring-1.2.xsd, http://www.springframework.org/schema/tool/spring-tool.xsd=org/springframework/beans/factory/xml/spring-tool-4.1.xsd, http://www.springframework.org/schema/aop/spring-aop-3.2.xsd=org/springframework/aop/config/spring-aop-3.2.xsd, http://www.springframework.org/schema/redis/spring-redis.xsd=org/springframework/data/redis/config/spring-redis-1.0.xsd, http://www.springframework.org/schema/lang/spring-lang-4.1.xsd=org/springframework/scripting/config/spring-lang-4.1.xsd, http://www.springframework.org/schema/context/spring-context-4.0.xsd=org/springframework/context/config/spring-context-4.0.xsd, http://www.springframework.org/schema/mvc/spring-mvc-3.2.xsd=org/springframework/web/servlet/config/spring-mvc-3.2.xsd, http://www.springframework.org/schema/tool/spring-tool-4.1.xsd=org/springframework/beans/factory/xml/spring-tool-4.1.xsd, http://www.springframework.org/schema/lang/spring-lang-3.2.xsd=org/springframework/scripting/config/spring-lang-3.2.xsd, http://www.springframework.org/schema/cache/spring-cache-3.2.xsd=org/springframework/cache/config/spring-cache-3.2.xsd, http://www.springframework.org/schema/jee/spring-jee-4.1.xsd=org/springframework/ejb/config/spring-jee-4.1.xsd, http://www.springframework.org/schema/jdbc/spring-jdbc-3.1.xsd=org/springframework/jdbc/config/spring-jdbc-3.1.xsd, http://www.springframework.org/schema/util/spring-util-2.0.xsd=org/springframework/beans/factory/xml/spring-util-2.0.xsd, http://www.springframework.org/schema/tool/spring-tool-3.2.xsd=org/springframework/beans/factory/xml/spring-tool-3.2.xsd, http://www.springframework.org/schema/context/spring-context.xsd=org/springframework/context/config/spring-context-4.1.xsd, http://www.springframework.org/schema/cache/spring-cache-4.1.xsd=org/springframework/cache/config/spring-cache-4.1.xsd, http://www.springframework.org/schema/aop/spring-aop-4.0.xsd=org/springframework/aop/config/spring-aop-4.0.xsd, http://www.springframework.org/schema/jee/spring-jee-3.2.xsd=org/springframework/ejb/config/spring-jee-3.2.xsd, http://www.springframework.org/schema/context/spring-context-3.0.xsd=org/springframework/context/config/spring-context-3.0.xsd, http://www.springframework.org/schema/jdbc/spring-jdbc-4.0.xsd=org/springframework/jdbc/config/spring-jdbc-4.0.xsd, http://www.springframework.org/schema/mvc/spring-mvc-4.0.xsd=org/springframework/web/servlet/config/spring-mvc-4.0.xsd, http://www.springframework.org/schema/util/spring-util-2.5.xsd=org/springframework/beans/factory/xml/spring-util-2.5.xsd, http://www.springframework.org/schema/beans/spring-beans-3.2.xsd=org/springframework/beans/factory/xml/spring-beans-3.2.xsd, http://www.springframework.org/schema/aop/spring-aop-3.1.xsd=org/springframework/aop/config/spring-aop-3.1.xsd, http://www.springframework.org/schema/lang/spring-lang-4.0.xsd=org/springframework/scripting/config/spring-lang-4.0.xsd, http://www.springframework.org/schema/mvc/spring-mvc.xsd=org/springframework/web/servlet/config/spring-mvc-4.1.xsd, http://www.springframework.org/schema/mvc/spring-mvc-3.1.xsd=org/springframework/web/servlet/config/spring-mvc-3.1.xsd, http://www.springframework.org/schema/beans/spring-beans-4.1.xsd=org/springframework/beans/factory/xml/spring-beans-4.1.xsd, http://www.springframework.org/schema/redis/spring-redis-1.0.xsd=org/springframework/data/redis/config/spring-redis-1.0.xsd, http://www.springframework.org/schema/tool/spring-tool-4.0.xsd=org/springframework/beans/factory/xml/spring-tool-4.0.xsd, http://www.springframework.org/schema/tx/spring-tx-3.2.xsd=org/springframework/transaction/config/spring-tx-3.2.xsd, http://www.springframework.org/schema/lang/spring-lang-3.1.xsd=org/springframework/scripting/config/spring-lang-3.1.xsd, http://www.springframework.org/schema/cache/spring-cache-3.1.xsd=org/springframework/cache/config/spring-cache-3.1.xsd, http://www.springframework.org/schema/jee/spring-jee-4.0.xsd=org/springframework/ejb/config/spring-jee-4.0.xsd, http://www.springframework.org/schema/jdbc/spring-jdbc-3.0.xsd=org/springframework/jdbc/config/spring-jdbc-3.0.xsd, http://www.springframework.org/schema/task/spring-task-4.1.xsd=org/springframework/scheduling/config/spring-task-4.1.xsd, http://www.springframework.org/schema/jdbc/spring-jdbc.xsd=org/springframework/jdbc/config/spring-jdbc-4.1.xsd, http://www.springframework.org/schema/tool/spring-tool-3.1.xsd=org/springframework/beans/factory/xml/spring-tool-3.1.xsd, http://www.springframework.org/schema/tx/spring-tx-4.1.xsd=org/springframework/transaction/config/spring-tx-4.1.xsd, http://www.springframework.org/schema/cache/spring-cache-4.0.xsd=org/springframework/cache/config/spring-cache-4.0.xsd, http://www.springframework.org/schema/jee/spring-jee-3.1.xsd=org/springframework/ejb/config/spring-jee-3.1.xsd, http://www.springframework.org/schema/task/spring-task-3.2.xsd=org/springframework/scheduling/config/spring-task-3.2.xsd, http://www.springframework.org/schema/beans/spring-beans-3.1.xsd=org/springframework/beans/factory/xml/spring-beans-3.1.xsd, http://www.springframework.org/schema/util/spring-util.xsd=org/springframework/beans/factory/xml/spring-util-4.1.xsd, http://www.springframework.org/schema/aop/spring-aop-3.0.xsd=org/springframework/aop/config/spring-aop-3.0.xsd, http://www.springframework.org/schema/mvc/spring-mvc-3.0.xsd=org/springframework/web/servlet/config/spring-mvc-3.0.xsd, http://www.springframework.org/schema/beans/spring-beans-4.0.xsd=org/springframework/beans/factory/xml/spring-beans-4.0.xsd, http://www.springframework.org/schema/beans/spring-beans.xsd=org/springframework/beans/factory/xml/spring-beans-4.1.xsd, http://mybatis.org/schema/mybatis-spring.xsd=org/mybatis/spring/config/mybatis-spring-1.2.xsd, http://www.springframework.org/schema/tx/spring-tx-3.1.xsd=org/springframework/transaction/config/spring-tx-3.1.xsd, http://www.springframework.org/schema/lang/spring-lang-3.0.xsd=org/springframework/scripting/config/spring-lang-3.0.xsd, http://www.springframework.org/schema/context/spring-context-2.5.xsd=org/springframework/context/config/spring-context-2.5.xsd, http://www.springframework.org/schema/task/spring-task-4.0.xsd=org/springframework/scheduling/config/spring-task-4.0.xsd, http://www.springframework.org/schema/tool/spring-tool-3.0.xsd=org/springframework/beans/factory/xml/spring-tool-3.0.xsd, http://www.springframework.org/schema/tx/spring-tx-4.0.xsd=org/springframework/transaction/config/spring-tx-4.0.xsd, http://www.springframework.org/schema/aop/spring-aop-2.0.xsd=org/springframework/aop/config/spring-aop-2.0.xsd, http://www.springframework.org/schema/jee/spring-jee-3.0.xsd=org/springframework/ejb/config/spring-jee-3.0.xsd, http://www.springframework.org/schema/util/spring-util-4.1.xsd=org/springframework/beans/factory/xml/spring-util-4.1.xsd, http://www.springframework.org/schema/task/spring-task-3.1.xsd=org/springframework/scheduling/config/spring-task-3.1.xsd, http://www.springframework.org/schema/beans/spring-beans-3.0.xsd=org/springframework/beans/factory/xml/spring-beans-3.0.xsd, http://www.springframework.org/schema/jee/spring-jee.xsd=org/springframework/ejb/config/spring-jee-4.1.xsd, http://www.springframework.org/schema/aop/spring-aop-2.5.xsd=org/springframework/aop/config/spring-aop-2.5.xsd, http://www.springframework.org/schema/lang/spring-lang-2.0.xsd=org/springframework/scripting/config/spring-lang-2.0.xsd, http://www.springframework.org/schema/util/spring-util-3.2.xsd=org/springframework/beans/factory/xml/spring-util-3.2.xsd, http://www.springframework.org/schema/task/spring-task.xsd=org/springframework/scheduling/config/spring-task-4.1.xsd, http://www.springframework.org/schema/tool/spring-tool-2.0.xsd=org/springframework/beans/factory/xml/spring-tool-2.0.xsd, http://www.springframework.org/schema/tx/spring-tx-3.0.xsd=org/springframework/transaction/config/spring-tx-3.0.xsd, http://www.springframework.org/schema/lang/spring-lang-2.5.xsd=org/springframework/scripting/config/spring-lang-2.5.xsd, http://www.springframework.org/schema/jee/spring-jee-2.0.xsd=org/springframework/ejb/config/spring-jee-2.0.xsd, http://www.springframework.org/schema/tool/spring-tool-2.5.xsd=org/springframework/beans/factory/xml/spring-tool-2.5.xsd, http://www.springframework.org/schema/jee/spring-jee-2.5.xsd=org/springframework/ejb/config/spring-jee-2.5.xsd, http://www.springframework.org/schema/util/spring-util-4.0.xsd=org/springframework/beans/factory/xml/spring-util-4.0.xsd, http://www.springframework.org/schema/task/spring-task-3.0.xsd=org/springframework/scheduling/config/spring-task-3.0.xsd, http://www.springframework.org/schema/lang/spring-lang.xsd=org/springframework/scripting/config/spring-lang-4.1.xsd, http://www.springframework.org/schema/context/spring-context-3.2.xsd=org/springframework/context/config/spring-context-3.2.xsd, http://www.springframework.org/schema/util/spring-util-3.1.xsd=org/springframework/beans/factory/xml/spring-util-3.1.xsd, http://www.springframework.org/schema/beans/spring-beans-2.0.xsd=org/springframework/beans/factory/xml/spring-beans-2.0.xsd, http://www.springframework.org/schema/cache/spring-cache.xsd=org/springframework/cache/config/spring-cache-4.1.xsd, http://www.springframework.org/schema/tx/spring-tx.xsd=org/springframework/transaction/config/spring-tx-4.1.xsd, http://www.springframework.org/schema/context/spring-context-4.1.xsd=org/springframework/context/config/spring-context-4.1.xsd, http://www.springframework.org/schema/beans/spring-beans-2.5.xsd=org/springframework/beans/factory/xml/spring-beans-2.5.xsd, http://www.springframework.org/schema/tx/spring-tx-2.0.xsd=org/springframework/transaction/config/spring-tx-2.0.xsd, http://www.alibaba.com/schema/stat.xsd=META-INF/stat.xsd, http://www.springframework.org/schema/jdbc/spring-jdbc-3.2.xsd=org/springframework/jdbc/config/spring-jdbc-3.2.xsd, http://www.springframework.org/schema/aop/spring-aop.xsd=org/springframework/aop/config/spring-aop-4.1.xsd}
2016-12-10 17:26:29.785 [main] DEBUG o.s.beans.factory.xml.PluggableSchemaResolver - Found XML schema [http://www.springframework.org/schema/beans/spring-beans.xsd] in classpath: org/springframework/beans/factory/xml/spring-beans-4.1.xsd
2016-12-10 17:26:29.973 [main] DEBUG o.s.b.f.xml.DefaultBeanDefinitionDocumentReader - Loading bean definitions
2016-12-10 17:26:30.026 [main] DEBUG o.s.b.factory.support.DefaultListableBeanFactory - Creating shared instance of singleton bean 'processEngineConfiguration'
2016-12-10 17:26:30.026 [main] DEBUG o.s.b.factory.support.DefaultListableBeanFactory - Creating instance of bean 'processEngineConfiguration'
2016-12-10 17:26:30.745 [main] DEBUG o.s.b.factory.support.DefaultListableBeanFactory - Eagerly caching bean 'processEngineConfiguration' to allow for resolving potential circular references
2016-12-10 17:26:30.904 [main] DEBUG o.s.b.factory.support.DefaultListableBeanFactory - Finished creating instance of bean 'processEngineConfiguration'
2016-12-10 17:26:31.099 [main] DEBUG o.a.engine.impl.cfg.ProcessEngineConfigurationImpl - initializing datasource to db: jdbc:mysql://localhost:3306/activiti_1110
2016-12-10 17:26:31.108 [main] DEBUG org.apache.ibatis.logging.LogFactory - Logging initialized using 'class org.apache.ibatis.logging.slf4j.Slf4jImpl' adapter.
2016-12-10 17:26:31.542 [main] DEBUG o.apache.ibatis.datasource.pooled.PooledDataSource - PooledDataSource forcefully closed/removed all connections.
2016-12-10 17:26:32.050 [main] DEBUG o.apache.ibatis.datasource.pooled.PooledDataSource - Created connection 183489787.
2016-12-10 17:26:32.050 [main] DEBUG o.a.engine.impl.cfg.ProcessEngineConfigurationImpl - database product name: 'MySQL'
2016-12-10 17:26:32.050 [main] DEBUG o.a.engine.impl.cfg.ProcessEngineConfigurationImpl - using database type: mysql
2016-12-10 17:26:32.050 [main] DEBUG o.apache.ibatis.datasource.pooled.PooledDataSource - Returned connection 183489787 to pool.
2016-12-10 17:26:34.866 [main] INFO  o.a.e.c.DefaultActiviti5CompatibilityHandlerFactory - Activiti 5 compatibility handler implementation not found or error during instantiation : org.activiti.compatibility.DefaultActiviti5CompatibilityHandler. Activiti 5 backwards compatibility disabled.
2016-12-10 17:26:34.878 [main] DEBUG o.activiti.engine.impl.interceptor.LogInterceptor - 

2016-12-10 17:26:34.878 [main] DEBUG o.activiti.engine.impl.interceptor.LogInterceptor - --- starting SchemaOperationsProcessEngineBuild --------------------------------------------------------
2016-12-10 17:26:34.878 [main] DEBUG org.activiti.engine.impl.agenda.Agenda - Operation class org.activiti.engine.impl.interceptor.CommandInvoker$1 added to agenda
2016-12-10 17:26:34.878 [main] DEBUG org.activiti.engine.impl.db.DbSqlSession - Executing performSchemaOperationsProcessEngineBuild with setting true
2016-12-10 17:26:34.878 [main] DEBUG org.apache.ibatis.transaction.jdbc.JdbcTransaction - Opening JDBC Connection
2016-12-10 17:26:34.878 [main] DEBUG o.apache.ibatis.datasource.pooled.PooledDataSource - Checked out connection 183489787 from pool.
2016-12-10 17:26:34.878 [main] DEBUG org.apache.ibatis.transaction.jdbc.JdbcTransaction - Setting autocommit to false on JDBC Connection [com.mysql.jdbc.JDBC4Connection@aefd4fb]
2016-12-10 17:26:35.003 [main] DEBUG o.a.e.i.p.entity.PropertyEntityImpl.selectProperty - ==>  Preparing: select * from ACT_GE_PROPERTY where NAME_ = ? 
2016-12-10 17:26:35.034 [main] DEBUG o.a.e.i.p.entity.PropertyEntityImpl.selectProperty - ==> Parameters: schema.version(String)
2016-12-10 17:26:35.050 [main] DEBUG o.a.e.i.p.entity.PropertyEntityImpl.selectProperty - <==      Total: 1
2016-12-10 17:26:35.113 [main] DEBUG org.activiti.engine.impl.db.DbSqlSession - Flushing dbSqlSession
2016-12-10 17:26:35.113 [main] DEBUG org.activiti.engine.impl.db.DbSqlSession - flush summary: 0 insert, 0 update, 0 delete.
2016-12-10 17:26:35.113 [main] DEBUG org.activiti.engine.impl.db.DbSqlSession - now executing flush...
2016-12-10 17:26:35.113 [main] DEBUG o.a.e.i.c.s.StandaloneMybatisTransactionContext - firing event committing...
2016-12-10 17:26:35.113 [main] DEBUG o.a.e.i.c.s.StandaloneMybatisTransactionContext - committing the ibatis sql session...
2016-12-10 17:26:35.113 [main] DEBUG o.a.e.i.c.s.StandaloneMybatisTransactionContext - firing event committed...
2016-12-10 17:26:35.113 [main] DEBUG org.apache.ibatis.transaction.jdbc.JdbcTransaction - Resetting autocommit to true on JDBC Connection [com.mysql.jdbc.JDBC4Connection@aefd4fb]
2016-12-10 17:26:35.113 [main] DEBUG org.apache.ibatis.transaction.jdbc.JdbcTransaction - Closing JDBC Connection [com.mysql.jdbc.JDBC4Connection@aefd4fb]
2016-12-10 17:26:35.113 [main] DEBUG o.apache.ibatis.datasource.pooled.PooledDataSource - Returned connection 183489787 to pool.
2016-12-10 17:26:35.113 [main] DEBUG o.activiti.engine.impl.interceptor.LogInterceptor - --- SchemaOperationsProcessEngineBuild finished --------------------------------------------------------
2016-12-10 17:26:35.113 [main] DEBUG o.activiti.engine.impl.interceptor.LogInterceptor - 

2016-12-10 17:26:35.113 [main] INFO  org.activiti.engine.impl.ProcessEngineImpl - ProcessEngine default created
2016-12-10 17:26:35.144 [main] DEBUG o.activiti.engine.impl.interceptor.LogInterceptor - 

2016-12-10 17:26:35.144 [main] DEBUG o.activiti.engine.impl.interceptor.LogInterceptor - --- starting ValidateExecutionRelatedEntityCountCfgCmd --------------------------------------------------------
2016-12-10 17:26:35.144 [main] DEBUG org.activiti.engine.impl.agenda.Agenda - Operation class org.activiti.engine.impl.interceptor.CommandInvoker$1 added to agenda
2016-12-10 17:26:35.144 [main] DEBUG org.apache.ibatis.transaction.jdbc.JdbcTransaction - Opening JDBC Connection
2016-12-10 17:26:35.144 [main] DEBUG o.apache.ibatis.datasource.pooled.PooledDataSource - Checked out connection 183489787 from pool.
2016-12-10 17:26:35.144 [main] DEBUG org.apache.ibatis.transaction.jdbc.JdbcTransaction - Setting autocommit to false on JDBC Connection [com.mysql.jdbc.JDBC4Connection@aefd4fb]
2016-12-10 17:26:35.144 [main] DEBUG o.a.e.i.p.entity.PropertyEntityImpl.selectProperty - ==>  Preparing: select * from ACT_GE_PROPERTY where NAME_ = ? 
2016-12-10 17:26:35.144 [main] DEBUG o.a.e.i.p.entity.PropertyEntityImpl.selectProperty - ==> Parameters: cfg.execution-related-entities-count(String)
2016-12-10 17:26:35.144 [main] DEBUG o.a.e.i.p.entity.PropertyEntityImpl.selectProperty - <==      Total: 1
2016-12-10 17:26:35.144 [main] DEBUG org.activiti.engine.impl.db.DbSqlSession - Flushing dbSqlSession
2016-12-10 17:26:35.144 [main] DEBUG org.activiti.engine.impl.db.DbSqlSession - flush summary: 0 insert, 0 update, 0 delete.
2016-12-10 17:26:35.144 [main] DEBUG org.activiti.engine.impl.db.DbSqlSession - now executing flush...
2016-12-10 17:26:35.144 [main] DEBUG o.a.e.i.c.s.StandaloneMybatisTransactionContext - firing event committing...
2016-12-10 17:26:35.144 [main] DEBUG o.a.e.i.c.s.StandaloneMybatisTransactionContext - committing the ibatis sql session...
2016-12-10 17:26:35.144 [main] DEBUG o.a.e.i.c.s.StandaloneMybatisTransactionContext - firing event committed...
2016-12-10 17:26:35.144 [main] DEBUG org.apache.ibatis.transaction.jdbc.JdbcTransaction - Resetting autocommit to true on JDBC Connection [com.mysql.jdbc.JDBC4Connection@aefd4fb]
2016-12-10 17:26:35.144 [main] DEBUG org.apache.ibatis.transaction.jdbc.JdbcTransaction - Closing JDBC Connection [com.mysql.jdbc.JDBC4Connection@aefd4fb]
2016-12-10 17:26:35.144 [main] DEBUG o.apache.ibatis.datasource.pooled.PooledDataSource - Returned connection 183489787 to pool.
2016-12-10 17:26:35.144 [main] DEBUG o.activiti.engine.impl.interceptor.LogInterceptor - --- ValidateExecutionRelatedEntityCountCfgCmd finished --------------------------------------------------------
2016-12-10 17:26:35.144 [main] DEBUG o.activiti.engine.impl.interceptor.LogInterceptor - 

2016-12-10 17:26:35.144 [main] INFO  org.activiti.engine.ProcessEngines - initialised process engine default
2016-12-10 17:26:52.487 [main] DEBUG o.activiti.engine.impl.interceptor.LogInterceptor - 

2016-12-10 17:26:52.494 [main] DEBUG o.activiti.engine.impl.interceptor.LogInterceptor - --- starting TaskQueryImpl --------------------------------------------------------
2016-12-10 17:26:52.494 [main] DEBUG org.activiti.engine.impl.agenda.Agenda - Operation class org.activiti.engine.impl.interceptor.CommandInvoker$1 added to agenda
2016-12-10 17:26:52.698 [main] DEBUG org.apache.ibatis.transaction.jdbc.JdbcTransaction - Opening JDBC Connection
2016-12-10 17:26:52.698 [main] DEBUG o.apache.ibatis.datasource.pooled.PooledDataSource - Checked out connection 183489787 from pool.
2016-12-10 17:26:52.698 [main] DEBUG org.apache.ibatis.transaction.jdbc.JdbcTransaction - Setting autocommit to false on JDBC Connection [com.mysql.jdbc.JDBC4Connection@aefd4fb]
2016-12-10 17:26:52.698 [main] DEBUG o.a.e.i.p.e.T.selectTaskByQueryCriteria - ==>  Preparing: select distinct RES.* from ACT_RU_TASK RES order by RES.ID_ asc LIMIT ? OFFSET ? 
2016-12-10 17:26:52.698 [main] DEBUG o.a.e.i.p.e.T.selectTaskByQueryCriteria - ==> Parameters: 2147483647(Integer), 0(Integer)
2016-12-10 17:26:52.714 [main] DEBUG o.a.e.i.p.e.T.selectTaskByQueryCriteria - <==      Total: 0
2016-12-10 17:26:52.714 [main] DEBUG org.activiti.engine.impl.db.DbSqlSession - Flushing dbSqlSession
2016-12-10 17:26:52.714 [main] DEBUG org.activiti.engine.impl.db.DbSqlSession - flush summary: 0 insert, 0 update, 0 delete.
2016-12-10 17:26:52.714 [main] DEBUG org.activiti.engine.impl.db.DbSqlSession - now executing flush...
2016-12-10 17:26:52.714 [main] DEBUG o.a.e.i.c.s.StandaloneMybatisTransactionContext - firing event committing...
2016-12-10 17:26:52.714 [main] DEBUG o.a.e.i.c.s.StandaloneMybatisTransactionContext - committing the ibatis sql session...
2016-12-10 17:26:52.714 [main] DEBUG o.a.e.i.c.s.StandaloneMybatisTransactionContext - firing event committed...
2016-12-10 17:26:52.714 [main] DEBUG org.apache.ibatis.transaction.jdbc.JdbcTransaction - Resetting autocommit to true on JDBC Connection [com.mysql.jdbc.JDBC4Connection@aefd4fb]
2016-12-10 17:26:52.714 [main] DEBUG org.apache.ibatis.transaction.jdbc.JdbcTransaction - Closing JDBC Connection [com.mysql.jdbc.JDBC4Connection@aefd4fb]
2016-12-10 17:26:52.714 [main] DEBUG o.apache.ibatis.datasource.pooled.PooledDataSource - Returned connection 183489787 to pool.
2016-12-10 17:26:52.714 [main] DEBUG o.activiti.engine.impl.interceptor.LogInterceptor - --- TaskQueryImpl finished --------------------------------------------------------
2016-12-10 17:26:52.714 [main] DEBUG o.activiti.engine.impl.interceptor.LogInterceptor - 

